.\Debug\dmpa3.ilk
.\Debug\dmpa3.pdb
D:\epics\areaDetector-R2-4\ADMPA3\mpa3Support\dll\.\Debug\dmpa3.dll
D:\epics\areaDetector-R2-4\ADMPA3\mpa3Support\dll\.\Debug\dmpa3.dll.intermediate.manifest
D:\epics\areaDetector-R2-4\ADMPA3\mpa3Support\dll\Debug\cl.command.1.tlog
D:\epics\areaDetector-R2-4\ADMPA3\mpa3Support\dll\Debug\CL.read.1.tlog
D:\epics\areaDetector-R2-4\ADMPA3\mpa3Support\dll\Debug\CL.write.1.tlog
D:\EPICS\AREADETECTOR-R2-4\ADMPA3\MPA3SUPPORT\DLL\DEBUG\CUSTOM.OBJ
D:\EPICS\AREADETECTOR-R2-4\ADMPA3\MPA3SUPPORT\DLL\DEBUG\DMPA3.DLL
D:\EPICS\AREADETECTOR-R2-4\ADMPA3\MPA3SUPPORT\DLL\DEBUG\DMPA3.DLL.EMBED.MANIFEST
D:\EPICS\AREADETECTOR-R2-4\ADMPA3\MPA3SUPPORT\DLL\DEBUG\DMPA3.DLL.EMBED.MANIFEST.RES
D:\EPICS\AREADETECTOR-R2-4\ADMPA3\MPA3SUPPORT\DLL\DEBUG\DMPA3.DLL.INTERMEDIATE.MANIFEST
D:\epics\areaDetector-R2-4\ADMPA3\mpa3Support\dll\Debug\dmpa3.exp
D:\EPICS\AREADETECTOR-R2-4\ADMPA3\MPA3SUPPORT\DLL\DEBUG\DMPA3.ILK
D:\epics\areaDetector-R2-4\ADMPA3\mpa3Support\dll\Debug\dmpa3.lib
D:\EPICS\AREADETECTOR-R2-4\ADMPA3\MPA3SUPPORT\DLL\DEBUG\DMPA3.OBJ
D:\EPICS\AREADETECTOR-R2-4\ADMPA3\MPA3SUPPORT\DLL\DEBUG\DMPA3.PDB
D:\epics\areaDetector-R2-4\ADMPA3\mpa3Support\dll\Debug\dmpa3.vcxprojResolveAssemblyReference.cache
D:\epics\areaDetector-R2-4\ADMPA3\mpa3Support\dll\Debug\dmpa3.write.1.tlog
D:\epics\areaDetector-R2-4\ADMPA3\mpa3Support\dll\Debug\dmpa3_manifest.rc
D:\epics\areaDetector-R2-4\ADMPA3\mpa3Support\dll\Debug\link.8032.read.1.tlog
D:\epics\areaDetector-R2-4\ADMPA3\mpa3Support\dll\Debug\link.8032.write.1.tlog
D:\epics\areaDetector-R2-4\ADMPA3\mpa3Support\dll\Debug\link.8032-cvtres.read.1.tlog
D:\epics\areaDetector-R2-4\ADMPA3\mpa3Support\dll\Debug\link.8032-cvtres.write.1.tlog
D:\epics\areaDetector-R2-4\ADMPA3\mpa3Support\dll\Debug\link.command.1.tlog
D:\epics\areaDetector-R2-4\ADMPA3\mpa3Support\dll\Debug\link.read.1.tlog
D:\epics\areaDetector-R2-4\ADMPA3\mpa3Support\dll\Debug\link.write.1.tlog
D:\epics\areaDetector-R2-4\ADMPA3\mpa3Support\dll\Debug\link-cvtres.read.1.tlog
D:\epics\areaDetector-R2-4\ADMPA3\mpa3Support\dll\Debug\link-cvtres.write.1.tlog
D:\epics\areaDetector-R2-4\ADMPA3\mpa3Support\dll\Debug\mt.command.1.tlog
D:\epics\areaDetector-R2-4\ADMPA3\mpa3Support\dll\Debug\mt.read.1.tlog
D:\epics\areaDetector-R2-4\ADMPA3\mpa3Support\dll\Debug\mt.write.1.tlog
D:\epics\areaDetector-R2-4\ADMPA3\mpa3Support\dll\Debug\rc.command.1.tlog
D:\epics\areaDetector-R2-4\ADMPA3\mpa3Support\dll\Debug\rc.read.1.tlog
D:\epics\areaDetector-R2-4\ADMPA3\mpa3Support\dll\Debug\rc.write.1.tlog
D:\epics\areaDetector-R2-4\ADMPA3\mpa3Support\dll\Debug\vc100.idb
D:\EPICS\AREADETECTOR-R2-4\ADMPA3\MPA3SUPPORT\DLL\DEBUG\VC100.PDB
