Build started 7/25/2016 4:52:30 PM.
     1>Project "D:\epics\areaDetector-R2-4\ADMPA3\mpa3Support\dll\dmpa3.vcxproj" on node 2 (rebuild target(s)).
     1>_PrepareForClean:
         Deleting file ".\Debug\dmpa3.lastbuildstate".
       InitializeBuildStatus:
         Creating ".\Debug\dmpa3.unsuccessfulbuild" because "AlwaysCreate" was specified.
       ClCompile:
         C:\Program Files (x86)\Microsoft Visual Studio 10.0\VC\bin\x86_amd64\CL.exe /c /Zi /nologo /W3 /WX- /Od /D WIN32 /D _DEBUG /D _WINDOWS /D _USRDLL /D DMPA3_EXPORTS /D _VC80_UPGRADE=0x0600 /D _WINDLL /D _MBCS /Gm- /EHsc /RTC1 /MTd /GS /Gy- /fp:precise /Zc:wchar_t /Zc:forScope /Fo".\Debug\\" /Fd".\Debug\vc100.pdb" /Gd /TC /errorReport:prompt CUSTOM.C DMPA3.C
         CUSTOM.C
     1>CUSTOM.C(54): warning C4996: 'fopen': This function or variable may be unsafe. Consider using fopen_s instead. To disable deprecation, use _CRT_SECURE_NO_WARNINGS. See online help for details.
                 C:\Program Files (x86)\Microsoft Visual Studio 10.0\VC\include\stdio.h(234) : see declaration of 'fopen'
     1>CUSTOM.C(55): warning C4996: 'sprintf': This function or variable may be unsafe. Consider using sprintf_s instead. To disable deprecation, use _CRT_SECURE_NO_WARNINGS. See online help for details.
                 C:\Program Files (x86)\Microsoft Visual Studio 10.0\VC\include\stdio.h(371) : see declaration of 'sprintf'
     1>CUSTOM.C(60): warning C4996: 'strnicmp': The POSIX name for this item is deprecated. Instead, use the ISO C++ conformant name: _strnicmp. See online help for details.
                 C:\Program Files (x86)\Microsoft Visual Studio 10.0\VC\include\string.h(248) : see declaration of 'strnicmp'
     1>CUSTOM.C(61): warning C4996: 'sscanf': This function or variable may be unsafe. Consider using sscanf_s instead. To disable deprecation, use _CRT_SECURE_NO_WARNINGS. See online help for details.
                 C:\Program Files (x86)\Microsoft Visual Studio 10.0\VC\include\stdio.h(325) : see declaration of 'sscanf'
     1>CUSTOM.C(63): warning C4996: 'strnicmp': The POSIX name for this item is deprecated. Instead, use the ISO C++ conformant name: _strnicmp. See online help for details.
                 C:\Program Files (x86)\Microsoft Visual Studio 10.0\VC\include\string.h(248) : see declaration of 'strnicmp'
     1>CUSTOM.C(64): warning C4996: 'sscanf': This function or variable may be unsafe. Consider using sscanf_s instead. To disable deprecation, use _CRT_SECURE_NO_WARNINGS. See online help for details.
                 C:\Program Files (x86)\Microsoft Visual Studio 10.0\VC\include\stdio.h(325) : see declaration of 'sscanf'
     1>CUSTOM.C(66): warning C4996: 'strnicmp': The POSIX name for this item is deprecated. Instead, use the ISO C++ conformant name: _strnicmp. See online help for details.
                 C:\Program Files (x86)\Microsoft Visual Studio 10.0\VC\include\string.h(248) : see declaration of 'strnicmp'
     1>CUSTOM.C(81): warning C4996: 'sscanf': This function or variable may be unsafe. Consider using sscanf_s instead. To disable deprecation, use _CRT_SECURE_NO_WARNINGS. See online help for details.
                 C:\Program Files (x86)\Microsoft Visual Studio 10.0\VC\include\stdio.h(325) : see declaration of 'sscanf'
     1>CUSTOM.C(88): warning C4996: 'sprintf': This function or variable may be unsafe. Consider using sprintf_s instead. To disable deprecation, use _CRT_SECURE_NO_WARNINGS. See online help for details.
                 C:\Program Files (x86)\Microsoft Visual Studio 10.0\VC\include\stdio.h(371) : see declaration of 'sprintf'
     1>CUSTOM.C(120): warning C4996: 'strnicmp': The POSIX name for this item is deprecated. Instead, use the ISO C++ conformant name: _strnicmp. See online help for details.
                 C:\Program Files (x86)\Microsoft Visual Studio 10.0\VC\include\string.h(248) : see declaration of 'strnicmp'
     1>CUSTOM.C(121): warning C4996: 'fopen': This function or variable may be unsafe. Consider using fopen_s instead. To disable deprecation, use _CRT_SECURE_NO_WARNINGS. See online help for details.
                 C:\Program Files (x86)\Microsoft Visual Studio 10.0\VC\include\stdio.h(234) : see declaration of 'fopen'
     1>CUSTOM.C(122): warning C4996: 'sprintf': This function or variable may be unsafe. Consider using sprintf_s instead. To disable deprecation, use _CRT_SECURE_NO_WARNINGS. See online help for details.
                 C:\Program Files (x86)\Microsoft Visual Studio 10.0\VC\include\stdio.h(371) : see declaration of 'sprintf'
     1>CUSTOM.C(127): warning C4996: 'strnicmp': The POSIX name for this item is deprecated. Instead, use the ISO C++ conformant name: _strnicmp. See online help for details.
                 C:\Program Files (x86)\Microsoft Visual Studio 10.0\VC\include\string.h(248) : see declaration of 'strnicmp'
     1>CUSTOM.C(128): warning C4996: 'sscanf': This function or variable may be unsafe. Consider using sscanf_s instead. To disable deprecation, use _CRT_SECURE_NO_WARNINGS. See online help for details.
                 C:\Program Files (x86)\Microsoft Visual Studio 10.0\VC\include\stdio.h(325) : see declaration of 'sscanf'
     1>CUSTOM.C(130): warning C4996: 'strnicmp': The POSIX name for this item is deprecated. Instead, use the ISO C++ conformant name: _strnicmp. See online help for details.
                 C:\Program Files (x86)\Microsoft Visual Studio 10.0\VC\include\string.h(248) : see declaration of 'strnicmp'
     1>CUSTOM.C(131): warning C4996: 'sscanf': This function or variable may be unsafe. Consider using sscanf_s instead. To disable deprecation, use _CRT_SECURE_NO_WARNINGS. See online help for details.
                 C:\Program Files (x86)\Microsoft Visual Studio 10.0\VC\include\stdio.h(325) : see declaration of 'sscanf'
     1>CUSTOM.C(133): warning C4996: 'strnicmp': The POSIX name for this item is deprecated. Instead, use the ISO C++ conformant name: _strnicmp. See online help for details.
                 C:\Program Files (x86)\Microsoft Visual Studio 10.0\VC\include\string.h(248) : see declaration of 'strnicmp'
     1>CUSTOM.C(134): warning C4996: 'sscanf': This function or variable may be unsafe. Consider using sscanf_s instead. To disable deprecation, use _CRT_SECURE_NO_WARNINGS. See online help for details.
                 C:\Program Files (x86)\Microsoft Visual Studio 10.0\VC\include\stdio.h(325) : see declaration of 'sscanf'
         DMPA3.C
     1>DMPA3.C(307): warning C4996: 'sprintf': This function or variable may be unsafe. Consider using sprintf_s instead. To disable deprecation, use _CRT_SECURE_NO_WARNINGS. See online help for details.
                 C:\Program Files (x86)\Microsoft Visual Studio 10.0\VC\include\stdio.h(371) : see declaration of 'sprintf'
     1>DMPA3.C(339): warning C4996: 'sprintf': This function or variable may be unsafe. Consider using sprintf_s instead. To disable deprecation, use _CRT_SECURE_NO_WARNINGS. See online help for details.
                 C:\Program Files (x86)\Microsoft Visual Studio 10.0\VC\include\stdio.h(371) : see declaration of 'sprintf'
     1>DMPA3.C(372): warning C4996: 'sprintf': This function or variable may be unsafe. Consider using sprintf_s instead. To disable deprecation, use _CRT_SECURE_NO_WARNINGS. See online help for details.
                 C:\Program Files (x86)\Microsoft Visual Studio 10.0\VC\include\stdio.h(371) : see declaration of 'sprintf'
     1>DMPA3.C(400): warning C4996: 'sprintf': This function or variable may be unsafe. Consider using sprintf_s instead. To disable deprecation, use _CRT_SECURE_NO_WARNINGS. See online help for details.
                 C:\Program Files (x86)\Microsoft Visual Studio 10.0\VC\include\stdio.h(371) : see declaration of 'sprintf'
     1>DMPA3.C(464): warning C4996: 'sprintf': This function or variable may be unsafe. Consider using sprintf_s instead. To disable deprecation, use _CRT_SECURE_NO_WARNINGS. See online help for details.
                 C:\Program Files (x86)\Microsoft Visual Studio 10.0\VC\include\stdio.h(371) : see declaration of 'sprintf'
     1>DMPA3.C(496): warning C4996: 'sprintf': This function or variable may be unsafe. Consider using sprintf_s instead. To disable deprecation, use _CRT_SECURE_NO_WARNINGS. See online help for details.
                 C:\Program Files (x86)\Microsoft Visual Studio 10.0\VC\include\stdio.h(371) : see declaration of 'sprintf'
     1>DMPA3.C(587): warning C4996: 'sprintf': This function or variable may be unsafe. Consider using sprintf_s instead. To disable deprecation, use _CRT_SECURE_NO_WARNINGS. See online help for details.
                 C:\Program Files (x86)\Microsoft Visual Studio 10.0\VC\include\stdio.h(371) : see declaration of 'sprintf'
     1>DMPA3.C(618): warning C4996: 'sprintf': This function or variable may be unsafe. Consider using sprintf_s instead. To disable deprecation, use _CRT_SECURE_NO_WARNINGS. See online help for details.
                 C:\Program Files (x86)\Microsoft Visual Studio 10.0\VC\include\stdio.h(371) : see declaration of 'sprintf'
     1>DMPA3.C(650): warning C4996: 'sprintf': This function or variable may be unsafe. Consider using sprintf_s instead. To disable deprecation, use _CRT_SECURE_NO_WARNINGS. See online help for details.
                 C:\Program Files (x86)\Microsoft Visual Studio 10.0\VC\include\stdio.h(371) : see declaration of 'sprintf'
     1>DMPA3.C(926): warning C4996: 'sprintf': This function or variable may be unsafe. Consider using sprintf_s instead. To disable deprecation, use _CRT_SECURE_NO_WARNINGS. See online help for details.
                 C:\Program Files (x86)\Microsoft Visual Studio 10.0\VC\include\stdio.h(371) : see declaration of 'sprintf'
     1>DMPA3.C(934): warning C4996: 'strcpy': This function or variable may be unsafe. Consider using strcpy_s instead. To disable deprecation, use _CRT_SECURE_NO_WARNINGS. See online help for details.
                 C:\Program Files (x86)\Microsoft Visual Studio 10.0\VC\include\string.h(105) : see declaration of 'strcpy'
     1>DMPA3.C(939): warning C4996: 'strcpy': This function or variable may be unsafe. Consider using strcpy_s instead. To disable deprecation, use _CRT_SECURE_NO_WARNINGS. See online help for details.
                 C:\Program Files (x86)\Microsoft Visual Studio 10.0\VC\include\string.h(105) : see declaration of 'strcpy'
     1>DMPA3.C(994): warning C4996: 'strcpy': This function or variable may be unsafe. Consider using strcpy_s instead. To disable deprecation, use _CRT_SECURE_NO_WARNINGS. See online help for details.
                 C:\Program Files (x86)\Microsoft Visual Studio 10.0\VC\include\string.h(105) : see declaration of 'strcpy'
     1>DMPA3.C(1002): warning C4996: 'strncpy': This function or variable may be unsafe. Consider using strncpy_s instead. To disable deprecation, use _CRT_SECURE_NO_WARNINGS. See online help for details.
                 C:\Program Files (x86)\Microsoft Visual Studio 10.0\VC\include\string.h(188) : see declaration of 'strncpy'
     1>DMPA3.C(1082): warning C4996: 'sprintf': This function or variable may be unsafe. Consider using sprintf_s instead. To disable deprecation, use _CRT_SECURE_NO_WARNINGS. See online help for details.
                 C:\Program Files (x86)\Microsoft Visual Studio 10.0\VC\include\stdio.h(371) : see declaration of 'sprintf'
         Generating Code...
       ManifestResourceCompile:
         C:\Program Files (x86)\Microsoft SDKs\Windows\v7.0A\bin\rc.exe /nologo /fo".\Debug\dmpa3.dll.embed.manifest.res" .\Debug\dmpa3_manifest.rc 
       Link:
         C:\Program Files (x86)\Microsoft Visual Studio 10.0\VC\bin\x86_amd64\link.exe /ERRORREPORT:PROMPT /OUT:".\Debug\dmpa3.dll" /INCREMENTAL /NOLOGO odbc32.lib odbccp32.lib kernel32.lib user32.lib gdi32.lib winspool.lib comdlg32.lib advapi32.lib shell32.lib ole32.lib oleaut32.lib uuid.lib odbc32.lib odbccp32.lib /DEF:".\DMPA3.DEF" /MANIFEST /ManifestFile:".\Debug\dmpa3.dll.intermediate.manifest" /MANIFESTUAC:"level='asInvoker' uiAccess='false'" /DEBUG /PDB:"D:\epics\areaDetector-R2-4\ADMPA3\mpa3Support\dll\Debug\dmpa3.pdb" /SUBSYSTEM:CONSOLE /TLBID:1 /DYNAMICBASE /NXCOMPAT /IMPLIB:".\Debug\dmpa3.lib" /MACHINE:X64 /DLL .\Debug\dmpa3.dll.embed.manifest.res
         .\Debug\CUSTOM.obj
         .\Debug\DMPA3.obj
            Creating library .\Debug\dmpa3.lib and object .\Debug\dmpa3.exp
         dmpa3.vcxproj -> D:\epics\areaDetector-R2-4\ADMPA3\mpa3Support\dll\.\Debug\dmpa3.dll
       Manifest:
         Deleting file ".\Debug\dmpa3.dll.embed.manifest".
         C:\Program Files (x86)\Microsoft SDKs\Windows\v7.0A\bin\mt.exe /nologo /verbose /out:".\Debug\dmpa3.dll.embed.manifest" /manifest .\Debug\dmpa3.dll.intermediate.manifest
         C:\Program Files (x86)\Microsoft SDKs\Windows\v7.0A\bin\rc.exe /nologo /fo".\Debug\dmpa3.dll.embed.manifest.res" .\Debug\dmpa3_manifest.rc 
       LinkEmbedManifest:
         C:\Program Files (x86)\Microsoft Visual Studio 10.0\VC\bin\x86_amd64\link.exe /ERRORREPORT:PROMPT /OUT:".\Debug\dmpa3.dll" /INCREMENTAL /NOLOGO odbc32.lib odbccp32.lib kernel32.lib user32.lib gdi32.lib winspool.lib comdlg32.lib advapi32.lib shell32.lib ole32.lib oleaut32.lib uuid.lib odbc32.lib odbccp32.lib /DEF:".\DMPA3.DEF" /MANIFEST /ManifestFile:".\Debug\dmpa3.dll.intermediate.manifest" /MANIFESTUAC:"level='asInvoker' uiAccess='false'" /DEBUG /PDB:"D:\epics\areaDetector-R2-4\ADMPA3\mpa3Support\dll\Debug\dmpa3.pdb" /SUBSYSTEM:CONSOLE /TLBID:1 /DYNAMICBASE /NXCOMPAT /IMPLIB:".\Debug\dmpa3.lib" /MACHINE:X64 /DLL .\Debug\dmpa3.dll.embed.manifest.res
         .\Debug\CUSTOM.obj
         .\Debug\DMPA3.obj
            Creating library .\Debug\dmpa3.lib and object .\Debug\dmpa3.exp
         dmpa3.vcxproj -> D:\epics\areaDetector-R2-4\ADMPA3\mpa3Support\dll\.\Debug\dmpa3.dll
       FinalizeBuildStatus:
         Deleting file ".\Debug\dmpa3.unsuccessfulbuild".
         Touching ".\Debug\dmpa3.lastbuildstate".
     1>Done Building Project "D:\epics\areaDetector-R2-4\ADMPA3\mpa3Support\dll\dmpa3.vcxproj" (rebuild target(s)).

Build succeeded.

Time Elapsed 00:00:02.48
